\BOOKMARK [0][-]{chapter.1}{Introduction}{}% 1
\BOOKMARK [0][-]{chapter.2}{Preparation}{}% 2
\BOOKMARK [1][-]{section.2.1}{Photoplethysmography \(PPG\)}{chapter.2}% 3
\BOOKMARK [1][-]{section.2.2}{Running}{chapter.2}% 4
\BOOKMARK [1][-]{section.2.3}{Techniques}{chapter.2}% 5
\BOOKMARK [1][-]{section.2.4}{Filtering}{chapter.2}% 6
\BOOKMARK [1][-]{section.2.5}{Spectrum}{chapter.2}% 7
\BOOKMARK [1][-]{section.2.6}{Current Algorithms}{chapter.2}% 8
\BOOKMARK [2][-]{subsection.2.6.1}{TROIKA}{section.2.6}% 9
\BOOKMARK [2][-]{subsection.2.6.2}{Finite State Machine}{section.2.6}% 10
\BOOKMARK [2][-]{subsection.2.6.3}{JOSS}{section.2.6}% 11
\BOOKMARK [2][-]{subsection.2.6.4}{PARHELIA}{section.2.6}% 12
\BOOKMARK [2][-]{subsection.2.6.5}{ANC}{section.2.6}% 13
\BOOKMARK [0][-]{chapter.3}{Implementation}{}% 14
\BOOKMARK [1][-]{section.3.1}{Gathering Data}{chapter.3}% 15
\BOOKMARK [2][-]{subsection.3.1.1}{Wear OS Development}{section.3.1}% 16
\BOOKMARK [2][-]{subsection.3.1.2}{Uploading Recordings}{section.3.1}% 17
\BOOKMARK [2][-]{subsection.3.1.3}{Raspberry Pi Access Point}{section.3.1}% 18
\BOOKMARK [2][-]{subsection.3.1.4}{Synchronising Signals}{section.3.1}% 19
\BOOKMARK [2][-]{subsection.3.1.5}{Informed Synchronisation}{section.3.1}% 20
\BOOKMARK [1][-]{section.3.2}{Filtering}{chapter.3}% 21
\BOOKMARK [2][-]{subsection.3.2.1}{Butterworth Filter}{section.3.2}% 22
\BOOKMARK [2][-]{subsection.3.2.2}{Chebyshev Filter}{section.3.2}% 23
\BOOKMARK [1][-]{section.3.3}{Motion Artefact Reduction}{chapter.3}% 24
\BOOKMARK [2][-]{subsection.3.3.1}{Adaptive Noise Cancellation}{section.3.3}% 25
\BOOKMARK [1][-]{section.3.4}{Heart Rate Calculation}{chapter.3}% 26
\BOOKMARK [2][-]{subsection.3.4.1}{Local Maxima}{section.3.4}% 27
\BOOKMARK [2][-]{subsection.3.4.2}{Peak-Peak Standard Deviation Minimization}{section.3.4}% 28
