This is pdfTeX, Version 3.14159265-2.6-1.40.16 (TeX Live 2015/Debian) (preloaded format=pdflatex 2020.1.19)  1 MAY 2020 11:39
entering extended mode
 restricted \write18 enabled.
 %&-line parsing enabled.
**diss.tex
(./diss.tex
LaTeX2e <2016/02/01>
Babel <3.9q> and hyphenation patterns for 3 language(s) loaded.
(/usr/share/texlive/texmf-dist/tex/latex/base/report.cls
Document Class: report 2014/09/29 v1.4h Standard LaTeX document class
(/usr/share/texlive/texmf-dist/tex/latex/base/size12.clo
File: size12.clo 2014/09/29 v1.4h Standard LaTeX file (size option)
)
\c@part=\count79
\c@chapter=\count80
\c@section=\count81
\c@subsection=\count82
\c@subsubsection=\count83
\c@paragraph=\count84
\c@subparagraph=\count85
\c@figure=\count86
\c@table=\count87
\abovecaptionskip=\skip41
\belowcaptionskip=\skip42
\bibindent=\dimen102
)
(/usr/share/texlive/texmf-dist/tex/latex/hyperref/hyperref.sty
Package: hyperref 2012/11/06 v6.83m Hypertext links for LaTeX

(/usr/share/texlive/texmf-dist/tex/generic/oberdiek/hobsub-hyperref.sty
Package: hobsub-hyperref 2012/05/28 v1.13 Bundle oberdiek, subset hyperref (HO)


(/usr/share/texlive/texmf-dist/tex/generic/oberdiek/hobsub-generic.sty
Package: hobsub-generic 2012/05/28 v1.13 Bundle oberdiek, subset generic (HO)
Package: hobsub 2012/05/28 v1.13 Construct package bundles (HO)
Package: infwarerr 2010/04/08 v1.3 Providing info/warning/error messages (HO)
Package: ltxcmds 2011/11/09 v1.22 LaTeX kernel commands for general use (HO)
Package: ifluatex 2010/03/01 v1.3 Provides the ifluatex switch (HO)
Package ifluatex Info: LuaTeX not detected.
Package: ifvtex 2010/03/01 v1.5 Detect VTeX and its facilities (HO)
Package ifvtex Info: VTeX not detected.
Package: intcalc 2007/09/27 v1.1 Expandable calculations with integers (HO)
Package: ifpdf 2011/01/30 v2.3 Provides the ifpdf switch (HO)
Package ifpdf Info: pdfTeX in PDF mode is detected.
Package: etexcmds 2011/02/16 v1.5 Avoid name clashes with e-TeX commands (HO)
Package etexcmds Info: Could not find \expanded.
(etexcmds)             That can mean that you are not using pdfTeX 1.50 or
(etexcmds)             that some package has redefined \expanded.
(etexcmds)             In the latter case, load this package earlier.
Package: kvsetkeys 2012/04/25 v1.16 Key value parser (HO)
Package: kvdefinekeys 2011/04/07 v1.3 Define keys (HO)
Package: pdftexcmds 2011/11/29 v0.20 Utility functions of pdfTeX for LuaTeX (HO
)
Package pdftexcmds Info: LuaTeX not detected.
Package pdftexcmds Info: \pdf@primitive is available.
Package pdftexcmds Info: \pdf@ifprimitive is available.
Package pdftexcmds Info: \pdfdraftmode found.
Package: pdfescape 2011/11/25 v1.13 Implements pdfTeX's escape features (HO)
Package: bigintcalc 2012/04/08 v1.3 Expandable calculations on big integers (HO
)
Package: bitset 2011/01/30 v1.1 Handle bit-vector datatype (HO)
Package: uniquecounter 2011/01/30 v1.2 Provide unlimited unique counter (HO)
)
Package hobsub Info: Skipping package `hobsub' (already loaded).
Package: letltxmacro 2010/09/02 v1.4 Let assignment for LaTeX macros (HO)
Package: hopatch 2012/05/28 v1.2 Wrapper for package hooks (HO)
Package: xcolor-patch 2011/01/30 xcolor patch
Package: atveryend 2011/06/30 v1.8 Hooks at the very end of document (HO)
Package atveryend Info: \enddocument detected (standard20110627).
Package: atbegshi 2011/10/05 v1.16 At begin shipout hook (HO)
Package: refcount 2011/10/16 v3.4 Data extraction from label references (HO)
Package: hycolor 2011/01/30 v1.7 Color options for hyperref/bookmark (HO)
)
(/usr/share/texlive/texmf-dist/tex/latex/graphics/keyval.sty
Package: keyval 2014/10/28 v1.15 key=value parser (DPC)
\KV@toks@=\toks14
)
(/usr/share/texlive/texmf-dist/tex/generic/ifxetex/ifxetex.sty
Package: ifxetex 2010/09/12 v0.6 Provides ifxetex conditional
)
(/usr/share/texlive/texmf-dist/tex/latex/oberdiek/auxhook.sty
Package: auxhook 2011/03/04 v1.3 Hooks for auxiliary files (HO)
)
(/usr/share/texlive/texmf-dist/tex/latex/oberdiek/kvoptions.sty
Package: kvoptions 2011/06/30 v3.11 Key value format for package options (HO)
)
\@linkdim=\dimen103
\Hy@linkcounter=\count88
\Hy@pagecounter=\count89

(/usr/share/texlive/texmf-dist/tex/latex/hyperref/pd1enc.def
File: pd1enc.def 2012/11/06 v6.83m Hyperref: PDFDocEncoding definition (HO)
)
\Hy@SavedSpaceFactor=\count90

(/usr/share/texlive/texmf-dist/tex/latex/latexconfig/hyperref.cfg
File: hyperref.cfg 2002/06/06 v1.2 hyperref configuration of TeXLive
)
Package hyperref Info: Hyper figures OFF on input line 4443.
Package hyperref Info: Link nesting OFF on input line 4448.
Package hyperref Info: Hyper index ON on input line 4451.
Package hyperref Info: Plain pages OFF on input line 4458.
Package hyperref Info: Backreferencing OFF on input line 4463.
Package hyperref Info: Implicit mode ON; LaTeX internals redefined.
Package hyperref Info: Bookmarks ON on input line 4688.
\c@Hy@tempcnt=\count91

(/usr/share/texlive/texmf-dist/tex/latex/url/url.sty
\Urlmuskip=\muskip10
Package: url 2013/09/16  ver 3.4  Verb mode for urls, etc.
)
LaTeX Info: Redefining \url on input line 5041.
\XeTeXLinkMargin=\dimen104
\Fld@menulength=\count92
\Field@Width=\dimen105
\Fld@charsize=\dimen106
Package hyperref Info: Hyper figures OFF on input line 6295.
Package hyperref Info: Link nesting OFF on input line 6300.
Package hyperref Info: Hyper index ON on input line 6303.
Package hyperref Info: backreferencing OFF on input line 6310.
Package hyperref Info: Link coloring OFF on input line 6315.
Package hyperref Info: Link coloring with OCG OFF on input line 6320.
Package hyperref Info: PDF/A mode OFF on input line 6325.
LaTeX Info: Redefining \ref on input line 6365.
LaTeX Info: Redefining \pageref on input line 6369.
\Hy@abspage=\count93
\c@Item=\count94
\c@Hfootnote=\count95
)

Package hyperref Message: Driver (autodetected): hpdftex.

(/usr/share/texlive/texmf-dist/tex/latex/hyperref/hpdftex.def
File: hpdftex.def 2012/11/06 v6.83m Hyperref driver for pdfTeX
\Fld@listcount=\count96
\c@bookmark@seq@number=\count97

(/usr/share/texlive/texmf-dist/tex/latex/oberdiek/rerunfilecheck.sty
Package: rerunfilecheck 2011/04/15 v1.7 Rerun checks for auxiliary files (HO)
Package uniquecounter Info: New unique counter `rerunfilecheck' on input line 2
82.
)
\Hy@SectionHShift=\skip43
)
(/usr/share/texlive/texmf-dist/tex/latex/geometry/geometry.sty
Package: geometry 2010/09/12 v5.6 Page Geometry
\Gm@cnth=\count98
\Gm@cntv=\count99
\c@Gm@tempcnt=\count100
\Gm@bindingoffset=\dimen107
\Gm@wd@mp=\dimen108
\Gm@odd@mp=\dimen109
\Gm@even@mp=\dimen110
\Gm@layoutwidth=\dimen111
\Gm@layoutheight=\dimen112
\Gm@layouthoffset=\dimen113
\Gm@layoutvoffset=\dimen114
\Gm@dimlist=\toks15
)
(/usr/share/texlive/texmf-dist/tex/latex/xcolor/xcolor.sty
Package: xcolor 2007/01/21 v2.11 LaTeX color extensions (UK)

(/usr/share/texlive/texmf-dist/tex/latex/latexconfig/color.cfg
File: color.cfg 2007/01/18 v1.5 color configuration of teTeX/TeXLive
)
Package xcolor Info: Driver file: pdftex.def on input line 225.

(/usr/share/texlive/texmf-dist/tex/latex/pdftex-def/pdftex.def
File: pdftex.def 2011/05/27 v0.06d Graphics/color for pdfTeX
\Gread@gobject=\count101
)
Package xcolor Info: Model `cmy' substituted by `cmy0' on input line 1337.
Package xcolor Info: Model `hsb' substituted by `rgb' on input line 1341.
Package xcolor Info: Model `RGB' extended on input line 1353.
Package xcolor Info: Model `HTML' substituted by `rgb' on input line 1355.
Package xcolor Info: Model `Hsb' substituted by `hsb' on input line 1356.
Package xcolor Info: Model `tHsb' substituted by `hsb' on input line 1357.
Package xcolor Info: Model `HSB' substituted by `hsb' on input line 1358.
Package xcolor Info: Model `Gray' substituted by `gray' on input line 1359.
Package xcolor Info: Model `wave' substituted by `hsb' on input line 1360.

(/usr/share/texlive/texmf-dist/tex/latex/graphics/dvipsnam.def
File: dvipsnam.def 2015/12/30 v3.0k Driver-dependent file (DPC,SPQR)
))
(/usr/share/texlive/texmf-dist/tex/latex/graphics/graphicx.sty
Package: graphicx 2014/10/28 v1.0g Enhanced LaTeX Graphics (DPC,SPQR)

(/usr/share/texlive/texmf-dist/tex/latex/graphics/graphics.sty
Package: graphics 2016/01/03 v1.0q Standard LaTeX Graphics (DPC,SPQR)

(/usr/share/texlive/texmf-dist/tex/latex/graphics/trig.sty
Package: trig 2016/01/03 v1.10 sin cos tan (DPC)
)
(/usr/share/texlive/texmf-dist/tex/latex/latexconfig/graphics.cfg
File: graphics.cfg 2010/04/23 v1.9 graphics configuration of TeX Live
)
Package graphics Info: Driver file: pdftex.def on input line 95.
)
\Gin@req@height=\dimen115
\Gin@req@width=\dimen116
)
(/usr/share/texlive/texmf-dist/tex/latex/tools/verbatim.sty
Package: verbatim 2014/10/28 v1.5q LaTeX2e package for verbatim enhancements
\every@verbatim=\toks16
\verbatim@line=\toks17
\verbatim@in@stream=\read1
)
(/usr/share/texlive/texmf-dist/tex/latex/pdfpages/pdfpages.sty
Package: pdfpages 2015/09/18 v0.5d Insert pages of external PDF documents (AM)

(/usr/share/texlive/texmf-dist/tex/latex/base/ifthen.sty
Package: ifthen 2014/09/29 v1.1c Standard LaTeX ifthen package (DPC)
)
(/usr/share/texlive/texmf-dist/tex/latex/tools/calc.sty
Package: calc 2014/10/28 v4.3 Infix arithmetic (KKT,FJ)
\calc@Acount=\count102
\calc@Bcount=\count103
\calc@Adimen=\dimen117
\calc@Bdimen=\dimen118
\calc@Askip=\skip44
\calc@Bskip=\skip45
LaTeX Info: Redefining \setlength on input line 80.
LaTeX Info: Redefining \addtolength on input line 81.
\calc@Ccount=\count104
\calc@Cskip=\skip46
)
(/usr/share/texlive/texmf-dist/tex/latex/eso-pic/eso-pic.sty
Package: eso-pic 2015/07/21 v2.0g eso-pic (RN)
)
\AM@pagewidth=\dimen119
\AM@pageheight=\dimen120

(/usr/share/texlive/texmf-dist/tex/latex/pdfpages/pppdftex.def
File: pppdftex.def 2015/09/18 v0.5d Pdfpages driver for pdfTeX (AM)
)
\AM@pagebox=\box26
\AM@toc@title=\toks18
\c@AM@survey=\count105
\AM@templatesizebox=\box27
)
(/usr/share/texlive/texmf-dist/tex/latex/caption/caption.sty
Package: caption 2016/02/21 v3.3-144 Customizing captions (AR)

(/usr/share/texlive/texmf-dist/tex/latex/caption/caption3.sty
Package: caption3 2016/02/04 v1.7-139 caption3 kernel (AR)
Package caption3 Info: TeX engine: e-TeX on input line 67.
\captionmargin=\dimen121
\captionmargin@=\dimen122
\captionwidth=\dimen123
\caption@tempdima=\dimen124
\caption@indent=\dimen125
\caption@parindent=\dimen126
\caption@hangindent=\dimen127
)
\c@ContinuedFloat=\count106
Package caption Info: hyperref package is loaded.
)
(/usr/share/texlive/texmf-dist/tex/latex/caption/subcaption.sty
Package: subcaption 2016/02/20 v1.1-142 Sub-captions (AR)
\c@subfigure=\count107
\c@subtable=\count108
)
(/usr/share/texlive/texmf-dist/tex/latex/csvsimple/csvsimple.sty
Package: csvsimple 2014/07/14 version 1.12 LaTeX CSV file processing

(/usr/share/texlive/texmf-dist/tex/latex/pgf/utilities/pgfkeys.sty
(/usr/share/texlive/texmf-dist/tex/generic/pgf/utilities/pgfkeys.code.tex
\pgfkeys@pathtoks=\toks19
\pgfkeys@temptoks=\toks20

(/usr/share/texlive/texmf-dist/tex/generic/pgf/utilities/pgfkeysfiltered.code.t
ex
\pgfkeys@tmptoks=\toks21
)))
\csv@file=\read2
\c@csvinputline=\count109
\c@csvrow=\count110
\c@csvcol=\count111
\csv@out=\write3
) (/usr/share/texlive/texmf-dist/tex/latex/tools/longtable.sty
Package: longtable 2014/10/28 v4.11 Multi-page Table package (DPC)
\LTleft=\skip47
\LTright=\skip48
\LTpre=\skip49
\LTpost=\skip50
\LTchunksize=\count112
\LTcapwidth=\dimen128
\LT@head=\box28
\LT@firsthead=\box29
\LT@foot=\box30
\LT@lastfoot=\box31
\LT@cols=\count113
\LT@rows=\count114
\c@LT@tables=\count115
\c@LT@chunks=\count116
\LT@p@ftn=\toks22
)
(/usr/share/texlive/texmf-dist/tex/latex/amsfonts/amssymb.sty
Package: amssymb 2013/01/14 v3.01 AMS font symbols

(/usr/share/texlive/texmf-dist/tex/latex/amsfonts/amsfonts.sty
Package: amsfonts 2013/01/14 v3.01 Basic AMSFonts support
\@emptytoks=\toks23
\symAMSa=\mathgroup4
\symAMSb=\mathgroup5
LaTeX Font Info:    Overwriting math alphabet `\mathfrak' in version `bold'
(Font)                  U/euf/m/n --> U/euf/b/n on input line 106.
))
(/usr/share/texlive/texmf-dist/tex/latex/listings/listings.sty
\lst@mode=\count117
\lst@gtempboxa=\box32
\lst@token=\toks24
\lst@length=\count118
\lst@currlwidth=\dimen129
\lst@column=\count119
\lst@pos=\count120
\lst@lostspace=\dimen130
\lst@width=\dimen131
\lst@newlines=\count121
\lst@lineno=\count122
\lst@maxwidth=\dimen132

(/usr/share/texlive/texmf-dist/tex/latex/listings/lstmisc.sty
File: lstmisc.sty 2015/06/04 1.6 (Carsten Heinz)
\c@lstnumber=\count123
\lst@skipnumbers=\count124
\lst@framebox=\box33
)
(/usr/share/texlive/texmf-dist/tex/latex/listings/listings.cfg
File: listings.cfg 2015/06/04 1.6 listings configuration
))
Package: listings 2015/06/04 1.6 (Carsten Heinz)

(/usr/share/texlive/texmf-dist/tex/latex/float/float.sty
Package: float 2001/11/08 v1.3d Float enhancements (AL)
\c@float@type=\count125
\float@exts=\toks25
\float@box=\box34
\@float@everytoks=\toks26
\@floatcapt=\box35
) (./diss.aux)
\openout1 = `diss.aux'.

LaTeX Font Info:    Checking defaults for OML/cmm/m/it on input line 71.
LaTeX Font Info:    ... okay on input line 71.
LaTeX Font Info:    Checking defaults for T1/cmr/m/n on input line 71.
LaTeX Font Info:    ... okay on input line 71.
LaTeX Font Info:    Checking defaults for OT1/cmr/m/n on input line 71.
LaTeX Font Info:    ... okay on input line 71.
LaTeX Font Info:    Checking defaults for OMS/cmsy/m/n on input line 71.
LaTeX Font Info:    ... okay on input line 71.
LaTeX Font Info:    Checking defaults for OMX/cmex/m/n on input line 71.
LaTeX Font Info:    ... okay on input line 71.
LaTeX Font Info:    Checking defaults for U/cmr/m/n on input line 71.
LaTeX Font Info:    ... okay on input line 71.
LaTeX Font Info:    Checking defaults for PD1/pdf/m/n on input line 71.
LaTeX Font Info:    ... okay on input line 71.
\AtBeginShipoutBox=\box36
Package hyperref Info: Link coloring OFF on input line 71.

(/usr/share/texlive/texmf-dist/tex/latex/hyperref/nameref.sty
Package: nameref 2012/10/27 v2.43 Cross-referencing by name of section

(/usr/share/texlive/texmf-dist/tex/generic/oberdiek/gettitlestring.sty
Package: gettitlestring 2010/12/03 v1.4 Cleanup title references (HO)
)
\c@section@level=\count126
)
LaTeX Info: Redefining \ref on input line 71.
LaTeX Info: Redefining \pageref on input line 71.
LaTeX Info: Redefining \nameref on input line 71.

(./diss.out) (./diss.out)
\@outlinefile=\write4
\openout4 = `diss.out'.


*geometry* driver: auto-detecting
*geometry* detected driver: pdftex
*geometry* verbose mode - [ preamble ] result:
* driver: pdftex
* paper: a4paper
* layout: <same size as paper>
* layoutoffset:(h,v)=(0.0pt,0.0pt)
* modes: twoside 
* h-part:(L,W,R)=(71.13188pt, 455.24411pt, 71.13188pt)
* v-part:(T,H,B)=(71.13188pt, 702.78308pt, 71.13188pt)
* \paperwidth=597.50787pt
* \paperheight=845.04684pt
* \textwidth=455.24411pt
* \textheight=702.78308pt
* \oddsidemargin=-1.1381pt
* \evensidemargin=-1.1381pt
* \topmargin=-38.1381pt
* \headheight=12.0pt
* \headsep=25.0pt
* \topskip=12.0pt
* \footskip=30.0pt
* \marginparwidth=85.0pt
* \marginparsep=10.0pt
* \columnsep=10.0pt
* \skip\footins=10.8pt plus 4.0pt minus 2.0pt
* \hoffset=0.0pt
* \voffset=0.0pt
* \mag=1000
* \@twocolumnfalse
* \@twosidetrue
* \@mparswitchtrue
* \@reversemarginfalse
* (1in=72.27pt=25.4mm, 1cm=28.453pt)

(/usr/share/texlive/texmf-dist/tex/context/base/supp-pdf.mkii
[Loading MPS to PDF converter (version 2006.09.02).]
\scratchcounter=\count127
\scratchdimen=\dimen133
\scratchbox=\box37
\nofMPsegments=\count128
\nofMParguments=\count129
\everyMPshowfont=\toks27
\MPscratchCnt=\count130
\MPscratchDim=\dimen134
\MPnumerator=\count131
\makeMPintoPDFobject=\count132
\everyMPtoPDFconversion=\toks28
) (/usr/share/texlive/texmf-dist/tex/latex/oberdiek/epstopdf-base.sty
Package: epstopdf-base 2010/02/09 v2.5 Base part for package epstopdf

(/usr/share/texlive/texmf-dist/tex/latex/oberdiek/grfext.sty
Package: grfext 2010/08/19 v1.1 Manage graphics extensions (HO)
)
Package grfext Info: Graphics extension search list:
(grfext)             [.png,.pdf,.jpg,.mps,.jpeg,.jbig2,.jb2,.PNG,.PDF,.JPG,.JPE
G,.JBIG2,.JB2,.eps]
(grfext)             \AppendGraphicsExtensions on input line 452.

(/usr/share/texlive/texmf-dist/tex/latex/latexconfig/epstopdf-sys.cfg
File: epstopdf-sys.cfg 2010/07/13 v1.3 Configuration of (r)epstopdf for TeX Liv
e
))
(/usr/share/texlive/texmf-dist/tex/latex/oberdiek/pdflscape.sty
Package: pdflscape 2008/08/11 v0.10 Display of landscape pages in PDF (HO)

(/usr/share/texlive/texmf-dist/tex/latex/graphics/lscape.sty
Package: lscape 2000/10/22 v3.01 Landscape Pages (DPC)
)
Package pdflscape Info: Auto-detected driver: pdftex on input line 80.
)
Package caption Info: Begin \AtBeginDocument code.
Package caption Info: float package is loaded.
Package caption Info: listings package is loaded.
Package caption Info: longtable package is loaded.

(/usr/share/texlive/texmf-dist/tex/latex/caption/ltcaption.sty
Package: ltcaption 2013/06/09 v1.4-94 longtable captions (AR)
)
Package caption Info: End \AtBeginDocument code.
\c@lstlisting=\count133
 [1

{/var/lib/texmf/fonts/map/pdftex/updmap/pdftex.map}]
LaTeX Font Info:    Try loading font information for U+msa on input line 101.

(/usr/share/texlive/texmf-dist/tex/latex/amsfonts/umsa.fd
File: umsa.fd 2013/01/14 v3.01 AMS symbols A
)
LaTeX Font Info:    Try loading font information for U+msb on input line 101.

(/usr/share/texlive/texmf-dist/tex/latex/amsfonts/umsb.fd
File: umsb.fd 2013/01/14 v3.01 AMS symbols B
)
Overfull \hbox (12.2457pt too wide) in paragraph at lines 101--115
[]
 []

[2

] [3] (./diss.toc [4

])
\tf@toc=\write5
\openout5 = `diss.toc'.

 [5] (./diss.lof)
\tf@lof=\write6
\openout6 = `diss.lof'.

 [6

] [7]
Chapter 1.
[8

]
Chapter 2.
<figs/fingerppg.jpg, id=383, 569.12625pt x 569.12625pt>
File: figs/fingerppg.jpg Graphic file (type jpg)

<use figs/fingerppg.jpg>
Package pdftex.def Info: figs/fingerppg.jpg used on input line 218.
(pdftex.def)             Requested size: 136.57462pt x 136.57571pt.
 [9

 <./figs/fingerppg.jpg>]
<figs/typicalppgsignal.jpeg, id=391, 59.5826pt x 34.2078pt>
File: figs/typicalppgsignal.jpeg Graphic file (type jpg)

<use figs/typicalppgsignal.jpeg>
Package pdftex.def Info: figs/typicalppgsignal.jpeg used on input line 239.
(pdftex.def)             Requested size: 318.66948pt x 183.01663pt.
LaTeX Font Info:    Try loading font information for OMS+cmr on input line 253.


(/usr/share/texlive/texmf-dist/tex/latex/base/omscmr.fd
File: omscmr.fd 2014/09/29 v2.5h Standard LaTeX font definitions
)
LaTeX Font Info:    Font shape `OMS/cmr/m/n' in size <12> not available
(Font)              Font shape `OMS/cmsy/m/n' tried instead on input line 253.

<figs/filter.png, id=397, 798.985pt x 542.025pt>
File: figs/filter.png Graphic file (type png)
 <use figs/filter.png>
Package pdftex.def Info: figs/filter.png used on input line 271.
(pdftex.def)             Requested size: 364.19667pt x 247.06836pt.


LaTeX Warning: `!h' float specifier changed to `!ht'.

[10 <./figs/typicalppgsignal.jpeg>] [11 <./figs/filter.png>]
<figs/example-spectrum.png, id=413, 462.528pt x 346.896pt>
File: figs/example-spectrum.png Graphic file (type png)

<use figs/example-spectrum.png>
Package pdftex.def Info: figs/example-spectrum.png used on input line 327.
(pdftex.def)             Requested size: 227.62206pt x 170.71628pt.
 [12 <./figs/example-spectrum.png>] [13]
[14]
Chapter 3.
[15

] <figs/interface.png, id=458, 308.15125pt x 345.29pt>
File: figs/interface.png Graphic file (type png)

<use figs/interface.png>
Package pdftex.def Info: figs/interface.png used on input line 565.
(pdftex.def)             Requested size: 91.04742pt x 102.01772pt.
LaTeX Font Info:    Font shape `OT1/cmtt/bx/n' in size <8> not available
(Font)              Font shape `OT1/cmtt/m/n' tried instead on input line 596.
 [16 <./figs/interface.png>]
<figs/upload.png, id=468, 963.6pt x 542.025pt>
File: figs/upload.png Graphic file (type png)
 <use figs/upload.png>
Package pdftex.def Info: figs/upload.png used on input line 636.
(pdftex.def)             Requested size: 318.66948pt x 179.24924pt.
 [17]
[18 <./figs/upload.png (PNG copy)>] [19] [20]
<figs/cross-correlation.png, id=505, 852.786pt x 524.6802pt>
File: figs/cross-correlation.png Graphic file (type png)

<use figs/cross-correlation.png>
Package pdftex.def Info: figs/cross-correlation.png used on input line 840.
(pdftex.def)             Requested size: 364.19667pt x 224.07094pt.

(/usr/share/texlive/texmf-dist/tex/latex/listings/lstlang1.sty
File: lstlang1.sty 2015/06/04 1.6 listings language file
) [21 <./figs/cross-correlation.png>]
<figs/butter-order-comparison.png, id=538, 605.6226pt x 377.9721pt>
File: figs/butter-order-comparison.png Graphic file (type png)

<use figs/butter-order-comparison.png>
Package pdftex.def Info: figs/butter-order-comparison.png used on input line 93
7.
(pdftex.def)             Requested size: 364.19667pt x 227.30406pt.


LaTeX Warning: `h' float specifier changed to `ht'.

[22] <figs/cheby1-rp-comparison.png, id=578, 462.528pt x 346.896pt>
File: figs/cheby1-rp-comparison.png Graphic file (type png)

<use figs/cheby1-rp-comparison.png>
Package pdftex.def Info: figs/cheby1-rp-comparison.png used on input line 963.
(pdftex.def)             Requested size: 227.62206pt x 170.71628pt.

<figs/cheby2-rp-comparison.png, id=579, 462.528pt x 346.896pt>
File: figs/cheby2-rp-comparison.png Graphic file (type png)

<use figs/cheby2-rp-comparison.png>
Package pdftex.def Info: figs/cheby2-rp-comparison.png used on input line 969.
(pdftex.def)             Requested size: 227.62206pt x 170.71628pt.
 [23 <./figs/butter-order-comparison.png> <./figs/cheby1-rp-comparison.png> <./
figs/cheby2-rp-comparison.png>]
<figs/ANC-concept.png, id=590, 963.6pt x 542.025pt>
File: figs/ANC-concept.png Graphic file (type png)
 <use figs/ANC-concept.png>
Package pdftex.def Info: figs/ANC-concept.png used on input line 1012.
(pdftex.def)             Requested size: 455.24411pt x 256.07507pt.

[24 <./figs/ANC-concept.png (PNG copy)>] [25] [26] [27] [28] [29] [30]
<figs/jabra.png, id=821, 963.6pt x 542.025pt>
File: figs/jabra.png Graphic file (type png)
 <use figs/jabra.png>
Package pdftex.def Info: figs/jabra.png used on input line 1440.
(pdftex.def)             Requested size: 182.09486pt x 102.42342pt.
 [31 <./figs/jabra.png (PNG copy)>]
Underfull \hbox (badness 10000) in paragraph at lines 1468--1475

 []


Underfull \hbox (badness 10000) in paragraph at lines 1468--1475

 []

<figs/gatt-flow.png, id=849, 942.52126pt x 787.94376pt>
File: figs/gatt-flow.png Graphic file (type png)

<use figs/gatt-flow.png>
Package pdftex.def Info: figs/gatt-flow.png used on input line 1486.
(pdftex.def)             Requested size: 318.66948pt x 266.40648pt.
 [32] [33 <./figs/gatt-flow.png>] [34] [35]
Chapter 4.
[36

] <figs/sim-beat.png, id=972, 462.528pt x 346.896pt>
File: figs/sim-beat.png Graphic file (type png)

<use figs/sim-beat.png>
Package pdftex.def Info: figs/sim-beat.png used on input line 1760.
(pdftex.def)             Requested size: 182.09486pt x 136.56984pt.
 <figs/sim-beats.png, id=973, 994.4352pt x 278.2395pt>
File: figs/sim-beats.png Graphic file (type png)

<use figs/sim-beats.png>
Package pdftex.def Info: figs/sim-beats.png used on input line 1766.
(pdftex.def)             Requested size: 227.62206pt x 63.68805pt.

<figs/sim-beats-with-noise.png, id=974, 1387.584pt x 738.5994pt>
File: figs/sim-beats-with-noise.png Graphic file (type png)

<use figs/sim-beats-with-noise.png>
Package pdftex.def Info: figs/sim-beats-with-noise.png used on input line 1772.

(pdftex.def)             Requested size: 273.14923pt x 145.39561pt.
 [37] [38 <./figs/sim-beat.png> <./figs/sim-beats.png> <./figs/sim-beats-with-n
oise.png>]
<figs/butterworth-validity.png, id=989, 1387.584pt x 738.5994pt>
File: figs/butterworth-validity.png Graphic file (type png)

<use figs/butterworth-validity.png>
Package pdftex.def Info: figs/butterworth-validity.png used on input line 1816.

(pdftex.def)             Requested size: 455.24411pt x 242.31851pt.

<figs/butter-time.png, id=991, 602.25pt x 372.39125pt>
File: figs/butter-time.png Graphic file (type png)

<use figs/butter-time.png>
Package pdftex.def Info: figs/butter-time.png used on input line 1841.
(pdftex.def)             Requested size: 227.62206pt x 140.74872pt.
 [39 <./figs/butterworth-validity.png>]
<figs/cheby2-validity.png, id=999, 1387.584pt x 738.5994pt>
File: figs/cheby2-validity.png Graphic file (type png)

<use figs/cheby2-validity.png>
Package pdftex.def Info: figs/cheby2-validity.png used on input line 1869.
(pdftex.def)             Requested size: 455.24411pt x 242.31851pt.

<figs/cheby2andbutter-time.png, id=1001, 602.25pt x 319.1925pt>
File: figs/cheby2andbutter-time.png Graphic file (type png)

<use figs/cheby2andbutter-time.png>
Package pdftex.def Info: figs/cheby2andbutter-time.png used on input line 1889.

(pdftex.def)             Requested size: 227.62206pt x 120.64175pt.
 [40 <./figs/butter-time.png> <./figs/cheby2-validity.png>]

LaTeX Warning: No positions in optional float specifier.
               Default added (so using `tbp') on input line 1939.

[41 <./figs/cheby2andbutter-time.png>]
<figs/lms-taps-error-medium-noise.png, id=1016, 1387.584pt x 738.5994pt>
File: figs/lms-taps-error-medium-noise.png Graphic file (type png)

<use figs/lms-taps-error-medium-noise.png>
Package pdftex.def Info: figs/lms-taps-error-medium-noise.png used on input lin
e 1968.
(pdftex.def)             Requested size: 409.71692pt x 218.0878pt.
 [42 <./figs/lms-taps-error-medium-noise.png>]
<figs/lms-steps-error-medium-noise.png, id=1023, 1387.584pt x 738.5994pt>
File: figs/lms-steps-error-medium-noise.png Graphic file (type png)

<use figs/lms-steps-error-medium-noise.png>
Package pdftex.def Info: figs/lms-steps-error-medium-noise.png used on input li
ne 1989.
(pdftex.def)             Requested size: 409.71692pt x 218.0878pt.


LaTeX Warning: No positions in optional float specifier.
               Default added (so using `tbp') on input line 2002.

<figs/nlms-taps-error-medium-noise.png, id=1027, 1387.584pt x 738.5994pt>
File: figs/nlms-taps-error-medium-noise.png Graphic file (type png)

<use figs/nlms-taps-error-medium-noise.png>
Package pdftex.def Info: figs/nlms-taps-error-medium-noise.png used on input li
ne 2029.
(pdftex.def)             Requested size: 409.71692pt x 218.0878pt.
 [43 <./figs/lms-steps-error-medium-noise.png>]
<figs/nlms-steps-error-medium-noise.png, id=1035, 1387.584pt x 738.5994pt>
File: figs/nlms-steps-error-medium-noise.png Graphic file (type png)

<use figs/nlms-steps-error-medium-noise.png>
Package pdftex.def Info: figs/nlms-steps-error-medium-noise.png used on input l
ine 2036.
(pdftex.def)             Requested size: 409.71692pt x 218.0878pt.

<figs/nlms-lms-validity.png, id=1037, 1387.584pt x 738.5994pt>
File: figs/nlms-lms-validity.png Graphic file (type png)

<use figs/nlms-lms-validity.png>
Package pdftex.def Info: figs/nlms-lms-validity.png used on input line 2050.
(pdftex.def)             Requested size: 409.71692pt x 218.0878pt.
 [44 <./figs/nlms-taps-error-medium-noise.png> <./figs/nlms-steps-error-medium-
noise.png>]

LaTeX Warning: No positions in optional float specifier.
               Default added (so using `tbp') on input line 2095.

[45 <./figs/nlms-lms-validity.png>]
<figs/peakfind.png, id=1054, 1037.7972pt x 544.9158pt>
File: figs/peakfind.png Graphic file (type png)
 <use figs/peakfind.png>
Package pdftex.def Info: figs/peakfind.png used on input line 2119.
(pdftex.def)             Requested size: 455.24411pt x 239.03198pt.

<figs/peak-comparison.png, id=1056, 1387.584pt x 738.5994pt>
File: figs/peak-comparison.png Graphic file (type png)

<use figs/peak-comparison.png>
Package pdftex.def Info: figs/peak-comparison.png used on input line 2131.
(pdftex.def)             Requested size: 455.24411pt x 242.31851pt.
 [46 <./figs/peakfind.png>]
<figs/joss_nosub.png, id=1064, 1387.584pt x 738.5994pt>
File: figs/joss_nosub.png Graphic file (type png)

<use figs/joss_nosub.png>
Package pdftex.def Info: figs/joss_nosub.png used on input line 2156.
(pdftex.def)             Requested size: 227.62206pt x 121.15363pt.

<figs/joss_sub.png, id=1065, 1387.584pt x 738.5994pt>
File: figs/joss_sub.png Graphic file (type png)
 <use figs/joss_sub.png>
Package pdftex.def Info: figs/joss_sub.png used on input line 2162.
(pdftex.def)             Requested size: 227.62206pt x 121.15363pt.

[47 <./figs/peak-comparison.png> <./figs/joss_nosub.png> <./figs/joss_sub.png>]
<figs/joss_nlms_low.png, id=1074, 1387.584pt x 738.5994pt>
File: figs/joss_nlms_low.png Graphic file (type png)

<use figs/joss_nlms_low.png>
Package pdftex.def Info: figs/joss_nlms_low.png used on input line 2191.
(pdftex.def)             Requested size: 386.96027pt x 205.97243pt.

<figs/joss_nlms_medium.png, id=1075, 1387.584pt x 738.5994pt>
File: figs/joss_nlms_medium.png Graphic file (type png)

<use figs/joss_nlms_medium.png>
Package pdftex.def Info: figs/joss_nlms_medium.png used on input line 2198.
(pdftex.def)             Requested size: 386.96027pt x 205.97243pt.
 [48 <./figs/joss_nlms_low.png> <./figs/joss_nlms_medium.png>] <figs/earbud-fas
t-graph.png, id=1083, 877.3578pt x 446.6286pt>
File: figs/earbud-fast-graph.png Graphic file (type png)

<use figs/earbud-fast-graph.png>
Package pdftex.def Info: figs/earbud-fast-graph.png used on input line 2222.
(pdftex.def)             Requested size: 409.71692pt x 208.5729pt.

<figs/kalman-working.png, id=1086, 462.528pt x 346.896pt>
File: figs/kalman-working.png Graphic file (type png)

<use figs/kalman-working.png>
Package pdftex.def Info: figs/kalman-working.png used on input line 2245.
(pdftex.def)             Requested size: 318.66948pt x 239.01443pt.
 [49 <./figs/earbud-fast-graph.png>]
<figs/kalman_validity.png, id=1094, 1387.584pt x 738.5994pt>
File: figs/kalman_validity.png Graphic file (type png)

<use figs/kalman_validity.png>
Package pdftex.def Info: figs/kalman_validity.png used on input line 2259.
(pdftex.def)             Requested size: 409.71692pt x 218.0878pt.
 [50 <./figs/kalman-working.png> <./figs/kalman_validity.png>]
Chapter 5.
(./diss.bbl [51

]
Missing character: There is no â in font cmr12!
Missing character: There is no € in font cmr12!
Missing character: There is no ” in font cmr12!
 [52

]) [53]
Appendix A.
<proposal.pdf, id=1116, 614.295pt x 794.97pt>
File: proposal.pdf Graphic file (type pdf)
 <use proposal.pdf>
Package pdftex.def Info: proposal.pdf used on input line 2328.
(pdftex.def)             Requested size: 614.29349pt x 794.96806pt.
File: proposal.pdf Graphic file (type pdf)

<use proposal.pdf>
Package pdftex.def Info: proposal.pdf used on input line 2328.
(pdftex.def)             Requested size: 614.29349pt x 794.96806pt.
 <proposal.pdf, id=1119, page=1, 614.295pt x 794.97pt>
File: proposal.pdf Graphic file (type pdf)

<use proposal.pdf, page 1>
Package pdftex.def Info: proposal.pdf, page1 used on input line 2328.
(pdftex.def)             Requested size: 455.24411pt x 589.14197pt.
File: proposal.pdf Graphic file (type pdf)
 <use proposal.pdf, page 1>
Package pdftex.def Info: proposal.pdf, page1 used on input line 2328.
(pdftex.def)             Requested size: 806.69138pt x 1043.95357pt.
 [54

]
File: proposal.pdf Graphic file (type pdf)

<use proposal.pdf, page 1>
Package pdftex.def Info: proposal.pdf, page1 used on input line 2328.
(pdftex.def)             Requested size: 806.69138pt x 1043.95357pt.
File: proposal.pdf Graphic file (type pdf)
 <use proposal.pdf, page 1>
Package pdftex.def Info: proposal.pdf, page1 used on input line 2328.
(pdftex.def)             Requested size: 806.69138pt x 1043.95357pt.
File: proposal.pdf Graphic file (type pdf)

<use proposal.pdf, page 1>
Package pdftex.def Info: proposal.pdf, page1 used on input line 2328.
(pdftex.def)             Requested size: 806.69138pt x 1043.95357pt.
 [55 <./proposal.pdf>]
<proposal.pdf, id=1150, page=2, 614.295pt x 794.97pt>
File: proposal.pdf Graphic file (type pdf)

<use proposal.pdf, page 2>
Package pdftex.def Info: proposal.pdf, page2 used on input line 2328.
(pdftex.def)             Requested size: 806.69138pt x 1043.95357pt.
File: proposal.pdf Graphic file (type pdf)
 <use proposal.pdf, page 2>
Package pdftex.def Info: proposal.pdf, page2 used on input line 2328.
(pdftex.def)             Requested size: 806.69138pt x 1043.95357pt.
File: proposal.pdf Graphic file (type pdf)

<use proposal.pdf, page 2>
Package pdftex.def Info: proposal.pdf, page2 used on input line 2328.
(pdftex.def)             Requested size: 806.69138pt x 1043.95357pt.
 [56 <./proposal.pdf>]
<proposal.pdf, id=1159, page=3, 614.295pt x 794.97pt>
File: proposal.pdf Graphic file (type pdf)

<use proposal.pdf, page 3>
Package pdftex.def Info: proposal.pdf, page3 used on input line 2328.
(pdftex.def)             Requested size: 806.69138pt x 1043.95357pt.
File: proposal.pdf Graphic file (type pdf)
 <use proposal.pdf, page 3>
Package pdftex.def Info: proposal.pdf, page3 used on input line 2328.
(pdftex.def)             Requested size: 806.69138pt x 1043.95357pt.
File: proposal.pdf Graphic file (type pdf)

<use proposal.pdf, page 3>
Package pdftex.def Info: proposal.pdf, page3 used on input line 2328.
(pdftex.def)             Requested size: 806.69138pt x 1043.95357pt.
 [57 <./proposal.pdf>]
<proposal.pdf, id=1164, page=4, 614.295pt x 794.97pt>
File: proposal.pdf Graphic file (type pdf)

<use proposal.pdf, page 4>
Package pdftex.def Info: proposal.pdf, page4 used on input line 2328.
(pdftex.def)             Requested size: 806.69138pt x 1043.95357pt.
File: proposal.pdf Graphic file (type pdf)
 <use proposal.pdf, page 4>
Package pdftex.def Info: proposal.pdf, page4 used on input line 2328.
(pdftex.def)             Requested size: 806.69138pt x 1043.95357pt.
File: proposal.pdf Graphic file (type pdf)

<use proposal.pdf, page 4>
Package pdftex.def Info: proposal.pdf, page4 used on input line 2328.
(pdftex.def)             Requested size: 806.69138pt x 1043.95357pt.
 [58 <./proposal.pdf>]
<proposal.pdf, id=1174, page=5, 614.295pt x 794.97pt>
File: proposal.pdf Graphic file (type pdf)

<use proposal.pdf, page 5>
Package pdftex.def Info: proposal.pdf, page5 used on input line 2328.
(pdftex.def)             Requested size: 806.69138pt x 1043.95357pt.
File: proposal.pdf Graphic file (type pdf)
 <use proposal.pdf, page 5>
Package pdftex.def Info: proposal.pdf, page5 used on input line 2328.
(pdftex.def)             Requested size: 806.69138pt x 1043.95357pt.
File: proposal.pdf Graphic file (type pdf)

<use proposal.pdf, page 5>
Package pdftex.def Info: proposal.pdf, page5 used on input line 2328.
(pdftex.def)             Requested size: 806.69138pt x 1043.95357pt.
 [59 <./proposal.pdf>]
<proposal.pdf, id=1179, page=6, 614.295pt x 794.97pt>
File: proposal.pdf Graphic file (type pdf)

<use proposal.pdf, page 6>
Package pdftex.def Info: proposal.pdf, page6 used on input line 2328.
(pdftex.def)             Requested size: 806.69138pt x 1043.95357pt.
File: proposal.pdf Graphic file (type pdf)
 <use proposal.pdf, page 6>
Package pdftex.def Info: proposal.pdf, page6 used on input line 2328.
(pdftex.def)             Requested size: 806.69138pt x 1043.95357pt.
File: proposal.pdf Graphic file (type pdf)

<use proposal.pdf, page 6>
Package pdftex.def Info: proposal.pdf, page6 used on input line 2328.
(pdftex.def)             Requested size: 806.69138pt x 1043.95357pt.
 [60 <./proposal.pdf>]
<proposal.pdf, id=1184, page=7, 614.295pt x 794.97pt>
File: proposal.pdf Graphic file (type pdf)

<use proposal.pdf, page 7>
Package pdftex.def Info: proposal.pdf, page7 used on input line 2328.
(pdftex.def)             Requested size: 806.69138pt x 1043.95357pt.
File: proposal.pdf Graphic file (type pdf)
 <use proposal.pdf, page 7>
Package pdftex.def Info: proposal.pdf, page7 used on input line 2328.
(pdftex.def)             Requested size: 806.69138pt x 1043.95357pt.
File: proposal.pdf Graphic file (type pdf)

<use proposal.pdf, page 7>
Package pdftex.def Info: proposal.pdf, page7 used on input line 2328.
(pdftex.def)             Requested size: 806.69138pt x 1043.95357pt.
 [61 <./proposal.pdf>]
<proposal.pdf, id=1190, page=8, 614.295pt x 794.97pt>
File: proposal.pdf Graphic file (type pdf)

<use proposal.pdf, page 8>
Package pdftex.def Info: proposal.pdf, page8 used on input line 2328.
(pdftex.def)             Requested size: 806.69138pt x 1043.95357pt.
File: proposal.pdf Graphic file (type pdf)
 <use proposal.pdf, page 8>
Package pdftex.def Info: proposal.pdf, page8 used on input line 2328.
(pdftex.def)             Requested size: 806.69138pt x 1043.95357pt.
File: proposal.pdf Graphic file (type pdf)

<use proposal.pdf, page 8>
Package pdftex.def Info: proposal.pdf, page8 used on input line 2328.
(pdftex.def)             Requested size: 806.69138pt x 1043.95357pt.
 [62 <./proposal.pdf>]
Package atveryend Info: Empty hook `BeforeClearDocument' on input line 2330.
Package atveryend Info: Empty hook `AfterLastShipout' on input line 2330.
 (./diss.aux)
Package atveryend Info: Executing hook `AtVeryEndDocument' on input line 2330.
Package atveryend Info: Executing hook `AtEndAfterFileList' on input line 2330.

Package rerunfilecheck Info: File `diss.out' has not changed.
(rerunfilecheck)             Checksum: 4D9D2E16AAC8B8B7644162A5AD4AD95B;3420.
Package atveryend Info: Empty hook `AtVeryVeryEnd' on input line 2330.
 ) 
Here is how much of TeX's memory you used:
 11916 strings out of 494953
 188186 string characters out of 6180977
 493903 words of memory out of 5000000
 14465 multiletter control sequences out of 15000+600000
 15969 words of font info for 63 fonts, out of 8000000 for 9000
 14 hyphenation exceptions out of 8191
 41i,18n,50p,350b,1898s stack positions out of 5000i,500n,10000p,200000b,80000s
</usr/share/texlive/texmf-dist/fonts/type1/public/amsfonts/cm/cmbx12.pfb></us
r/share/texlive/texmf-dist/fonts/type1/public/amsfonts/cm/cmex10.pfb></usr/shar
e/texlive/texmf-dist/fonts/type1/public/amsfonts/cm/cmmi12.pfb></usr/share/texl
ive/texmf-dist/fonts/type1/public/amsfonts/cm/cmmi6.pfb></usr/share/texlive/tex
mf-dist/fonts/type1/public/amsfonts/cm/cmmi8.pfb></usr/share/texlive/texmf-dist
/fonts/type1/public/amsfonts/cm/cmr10.pfb></usr/share/texlive/texmf-dist/fonts/
type1/public/amsfonts/cm/cmr12.pfb></usr/share/texlive/texmf-dist/fonts/type1/p
ublic/amsfonts/cm/cmr17.pfb></usr/share/texlive/texmf-dist/fonts/type1/public/a
msfonts/cm/cmr6.pfb></usr/share/texlive/texmf-dist/fonts/type1/public/amsfonts/
cm/cmr7.pfb></usr/share/texlive/texmf-dist/fonts/type1/public/amsfonts/cm/cmr8.
pfb></usr/share/texlive/texmf-dist/fonts/type1/public/amsfonts/cm/cmsl12.pfb></
usr/share/texlive/texmf-dist/fonts/type1/public/amsfonts/cm/cmsy10.pfb></usr/sh
are/texlive/texmf-dist/fonts/type1/public/amsfonts/cm/cmsy8.pfb></usr/share/tex
live/texmf-dist/fonts/type1/public/amsfonts/cm/cmti12.pfb></usr/share/texlive/t
exmf-dist/fonts/type1/public/amsfonts/cm/cmtt10.pfb></usr/share/texlive/texmf-d
ist/fonts/type1/public/amsfonts/cm/cmtt8.pfb></usr/share/texlive/texmf-dist/fon
ts/type1/public/amsfonts/symbols/msbm10.pfb>
Output written on diss.pdf (62 pages, 3034144 bytes).
PDF statistics:
 1367 PDF objects out of 1440 (max. 8388607)
 1197 compressed objects within 12 object streams
 563 named destinations out of 1000 (max. 500000)
 642 words of extra memory for PDF output out of 10000 (max. 10000000)

